<?xml version="1.0" encoding="UTF-8"?>
<!-- Generated by org.testng.reporters.JUnitXMLReporter -->
<testsuite ignored="1" hostname="Sky" failures="0" tests="1" name="Default test" time="11.652" errors="0" timestamp="2023-11-04T17:26:50 IST">
  <testcase classname="form_UIType.All_UI_Types_In_Form_Test" name="run" time="3.428"/>
  <testcase classname="io.cucumber.testng.AbstractTestNGCucumberTests" name="runScenario" time="0.0">
    <ignored/>
  </testcase> <!-- runScenario -->
</testsuite> <!-- Default test -->
