<?xml version="1.0" encoding="UTF-8"?>
<!-- Generated by org.testng.reporters.JUnitXMLReporter -->
<testsuite ignored="1" hostname="Sky" failures="0" tests="1" name="Default test" time="69.761" errors="0" timestamp="2023-11-02T13:24:58 IST">
  <testcase classname="logic_Jump_Test.Logic_Jump_Test" name="run" time="63.982"/>
  <testcase classname="io.cucumber.testng.AbstractTestNGCucumberTests" name="runScenario" time="0.0">
    <ignored/>
  </testcase> <!-- runScenario -->
</testsuite> <!-- Default test -->
