<?xml version="1.0" encoding="UTF-8"?>
<testng-results ignored="0" total="1" passed="1" failed="0" skipped="0">
  <reporter-output>
  </reporter-output>
  <suite started-at="2023-11-04T17:26:39 IST" name="Default suite" finished-at="2023-11-04T17:26:50 IST" duration-ms="11652">
    <groups>
    </groups>
    <test started-at="2023-11-04T17:26:39 IST" name="Default test" finished-at="2023-11-04T17:26:50 IST" duration-ms="11652">
      <class name="form_UIType.All_UI_Types_In_Form_Test">
        <test-method is-config="true" signature="startReport()[pri:0, instance:form_UIType.All_UI_Types_In_Form_Test@626abbd0]" started-at="2023-11-04T17:26:38 IST" name="startReport" finished-at="2023-11-04T17:26:39 IST" duration-ms="464" status="PASS">
          <reporter-output>
          </reporter-output>
        </test-method> <!-- startReport -->
        <test-method is-config="true" signature="setValues()[pri:0, instance:form_UIType.All_UI_Types_In_Form_Test@626abbd0]" started-at="2023-11-04T17:26:39 IST" name="setValues" finished-at="2023-11-04T17:26:39 IST" duration-ms="1" status="PASS">
          <reporter-output>
          </reporter-output>
        </test-method> <!-- setValues -->
        <test-method is-config="true" signature="setUpClass(org.testng.ITestContext)[pri:0, instance:form_UIType.All_UI_Types_In_Form_Test@626abbd0]" started-at="2023-11-04T17:26:39 IST" name="setUpClass" finished-at="2023-11-04T17:26:39 IST" duration-ms="499" status="PASS">
          <params>
            <param index="0">
              <value>
                <![CDATA[org.testng.TestRunner@1a6dc589]]>
              </value>
            </param>
          </params>
          <reporter-output>
          </reporter-output>
        </test-method> <!-- setUpClass -->
        <test-method is-config="true" signature="report()[pri:0, instance:form_UIType.All_UI_Types_In_Form_Test@626abbd0]" started-at="2023-11-04T17:26:39 IST" name="report" finished-at="2023-11-04T17:26:39 IST" duration-ms="11" status="PASS">
          <reporter-output>
          </reporter-output>
        </test-method> <!-- report -->
        <test-method is-config="true" signature="beforeMethod()[pri:0, instance:form_UIType.All_UI_Types_In_Form_Test@626abbd0]" started-at="2023-11-04T17:26:39 IST" name="beforeMethod" finished-at="2023-11-04T17:26:47 IST" duration-ms="7654" status="PASS">
          <reporter-output>
          </reporter-output>
        </test-method> <!-- beforeMethod -->
        <test-method signature="run()[pri:0, instance:form_UIType.All_UI_Types_In_Form_Test@626abbd0]" started-at="2023-11-04T17:26:47 IST" name="run" finished-at="2023-11-04T17:26:50 IST" duration-ms="3428" status="PASS">
          <reporter-output>
          </reporter-output>
        </test-method> <!-- run -->
        <test-method is-config="true" signature="afterMethod()[pri:0, instance:form_UIType.All_UI_Types_In_Form_Test@626abbd0]" started-at="2023-11-04T17:26:50 IST" name="afterMethod" finished-at="2023-11-04T17:26:50 IST" duration-ms="2" status="PASS">
          <reporter-output>
          </reporter-output>
        </test-method> <!-- afterMethod -->
        <test-method is-config="true" signature="tearDownClass()[pri:0, instance:form_UIType.All_UI_Types_In_Form_Test@626abbd0]" started-at="2023-11-04T17:26:50 IST" name="tearDownClass" finished-at="2023-11-04T17:26:50 IST" duration-ms="5" status="PASS">
          <reporter-output>
          </reporter-output>
        </test-method> <!-- tearDownClass -->
        <test-method is-config="true" signature="stopReport()[pri:0, instance:form_UIType.All_UI_Types_In_Form_Test@626abbd0]" started-at="2023-11-04T17:26:51 IST" name="stopReport" finished-at="2023-11-04T17:26:52 IST" duration-ms="1340" status="PASS">
          <reporter-output>
          </reporter-output>
        </test-method> <!-- stopReport -->
      </class> <!-- form_UIType.All_UI_Types_In_Form_Test -->
    </test> <!-- Default test -->
  </suite> <!-- Default suite -->
</testng-results>
